<?xml version="1.0" encoding="UTF-8"?>
<!-- Generated by org.testng.reporters.JUnitReportReporter -->
<testsuite hostname="ICPL11520" name="com.tripadvisor.tests.FindFlights" tests="1" failures="0" timestamp="2 May 2017 08:43:52 GMT" time="31.885" errors="0">
  <testcase name="findFlights" time="31.885" classname="com.tripadvisor.tests.FindFlights"/>
</testsuite> <!-- com.tripadvisor.tests.FindFlights -->
